Sight/build/intermediates/manifest_merge_blame_file/release/manifest-merger-blame-release-report.txt
1<?xml version="1.0" encoding="utf-8"?>
2<manifest xmlns:android="http://schemas.android.com/apk/res/android"
3    package="io.rong.sight"
4    android:versionCode="1"
5    android:versionName="2.9.22 release" >
6
7    <uses-sdk
8        android:minSdkVersion="23"
8-->src\main\AndroidManifest.xml
9        android:targetSdkVersion="28" />
9-->src\main\AndroidManifest.xml
10
11    <application>
11-->src\main\AndroidManifest.xml:5:5-24:19
12        <activity
12-->src\main\AndroidManifest.xml:6:9-17:20
13            android:name="io.rong.sight.player.SightPlayerActivity"
13-->src\main\AndroidManifest.xml:7:13-68
14            android:screenOrientation="portrait" >
14-->src\main\AndroidManifest.xml:8:13-49
15            <intent-filter>
16                <action android:name="android.intent.action.VIEW" />
16-->src\main\AndroidManifest.xml:10:17-69
16-->src\main\AndroidManifest.xml:10:25-66
17
18                <category android:name="android.intent.category.DEFAULT" />
18-->src\main\AndroidManifest.xml:11:17-76
18-->src\main\AndroidManifest.xml:11:27-73
19
20                <data
20-->src\main\AndroidManifest.xml:12:17-15:45
21                    android:host="dollar_openBracket_applicationId_closeBracket"
21-->src\main\AndroidManifest.xml:13:21-52
22                    android:pathPrefix="/sight/player"
22-->src\main\AndroidManifest.xml:14:21-55
23                    android:scheme="rong" />
23-->src\main\AndroidManifest.xml:15:21-42
24            </intent-filter>
25        </activity>
26        <activity
26-->src\main\AndroidManifest.xml:18:9-20:52
27            android:name="io.rong.sight.player.SightListActivity"
27-->src\main\AndroidManifest.xml:19:13-66
28            android:screenOrientation="portrait" />
28-->src\main\AndroidManifest.xml:20:13-49
29        <activity
29-->src\main\AndroidManifest.xml:21:9-23:52
30            android:name="io.rong.sight.record.SightRecordActivity"
30-->src\main\AndroidManifest.xml:22:13-68
31            android:screenOrientation="portrait" />
31-->src\main\AndroidManifest.xml:23:13-49
32    </application>
33
34</manifest>